I, [2016-03-17T14:25:18.906557 #22767]  INFO -- Kitchen: -----> Starting Kitchen (v1.5.0)
E, [2016-03-17T14:25:18.908223 #22767] ERROR -- Kitchen: ------Exception-------
E, [2016-03-17T14:25:18.908266 #22767] ERROR -- Kitchen: Class: Kitchen::UserError
E, [2016-03-17T14:25:18.908298 #22767] ERROR -- Kitchen: Message: Kitchen YAML file /home/atg/Documents/ansible/rserver/roles/rstudio/.kitchen.yml does not exist.
E, [2016-03-17T14:25:18.908327 #22767] ERROR -- Kitchen: ------Backtrace-------
E, [2016-03-17T14:25:18.908355 #22767] ERROR -- Kitchen: /home/atg/.rvm/rubies/ruby-2.1.5/lib/ruby/gems/2.1.0/gems/test-kitchen-1.5.0/lib/kitchen/loader/yaml.rb:74:in `read'
E, [2016-03-17T14:25:18.908384 #22767] ERROR -- Kitchen: /home/atg/.rvm/rubies/ruby-2.1.5/lib/ruby/gems/2.1.0/gems/test-kitchen-1.5.0/lib/kitchen/config.rb:149:in `data'
E, [2016-03-17T14:25:18.908413 #22767] ERROR -- Kitchen: /home/atg/.rvm/rubies/ruby-2.1.5/lib/ruby/gems/2.1.0/gems/test-kitchen-1.5.0/lib/kitchen/config.rb:128:in `suites'
E, [2016-03-17T14:25:18.908444 #22767] ERROR -- Kitchen: /home/atg/.rvm/rubies/ruby-2.1.5/lib/ruby/gems/2.1.0/gems/test-kitchen-1.5.0/lib/kitchen/config.rb:179:in `filter_instances'
E, [2016-03-17T14:25:18.908473 #22767] ERROR -- Kitchen: /home/atg/.rvm/rubies/ruby-2.1.5/lib/ruby/gems/2.1.0/gems/test-kitchen-1.5.0/lib/kitchen/config.rb:138:in `build_instances'
E, [2016-03-17T14:25:18.908502 #22767] ERROR -- Kitchen: /home/atg/.rvm/rubies/ruby-2.1.5/lib/ruby/gems/2.1.0/gems/test-kitchen-1.5.0/lib/kitchen/config.rb:114:in `instances'
E, [2016-03-17T14:25:18.908531 #22767] ERROR -- Kitchen: /home/atg/.rvm/rubies/ruby-2.1.5/lib/ruby/gems/2.1.0/gems/test-kitchen-1.5.0/lib/kitchen/command.rb:115:in `filtered_instances'
E, [2016-03-17T14:25:18.908559 #22767] ERROR -- Kitchen: /home/atg/.rvm/rubies/ruby-2.1.5/lib/ruby/gems/2.1.0/gems/test-kitchen-1.5.0/lib/kitchen/command.rb:145:in `parse_subcommand'
E, [2016-03-17T14:25:18.908588 #22767] ERROR -- Kitchen: /home/atg/.rvm/rubies/ruby-2.1.5/lib/ruby/gems/2.1.0/gems/test-kitchen-1.5.0/lib/kitchen/command/action.rb:38:in `block in call'
E, [2016-03-17T14:25:18.908616 #22767] ERROR -- Kitchen: /home/atg/.rvm/rubies/ruby-2.1.5/lib/ruby/2.1.0/benchmark.rb:279:in `measure'
E, [2016-03-17T14:25:18.908645 #22767] ERROR -- Kitchen: /home/atg/.rvm/rubies/ruby-2.1.5/lib/ruby/gems/2.1.0/gems/test-kitchen-1.5.0/lib/kitchen/command/action.rb:37:in `call'
E, [2016-03-17T14:25:18.908673 #22767] ERROR -- Kitchen: /home/atg/.rvm/rubies/ruby-2.1.5/lib/ruby/gems/2.1.0/gems/test-kitchen-1.5.0/lib/kitchen/cli.rb:56:in `perform'
E, [2016-03-17T14:25:18.908702 #22767] ERROR -- Kitchen: /home/atg/.rvm/rubies/ruby-2.1.5/lib/ruby/gems/2.1.0/gems/test-kitchen-1.5.0/lib/kitchen/cli.rb:180:in `block (2 levels) in <class:CLI>'
E, [2016-03-17T14:25:18.908731 #22767] ERROR -- Kitchen: /home/atg/.rvm/rubies/ruby-2.1.5/lib/ruby/gems/2.1.0/gems/thor-0.19.1/lib/thor/command.rb:27:in `run'
E, [2016-03-17T14:25:18.908760 #22767] ERROR -- Kitchen: /home/atg/.rvm/rubies/ruby-2.1.5/lib/ruby/gems/2.1.0/gems/thor-0.19.1/lib/thor/invocation.rb:126:in `invoke_command'
E, [2016-03-17T14:25:18.908789 #22767] ERROR -- Kitchen: /home/atg/.rvm/rubies/ruby-2.1.5/lib/ruby/gems/2.1.0/gems/test-kitchen-1.5.0/lib/kitchen/cli.rb:321:in `invoke_task'
E, [2016-03-17T14:25:18.908817 #22767] ERROR -- Kitchen: /home/atg/.rvm/rubies/ruby-2.1.5/lib/ruby/gems/2.1.0/gems/thor-0.19.1/lib/thor.rb:359:in `dispatch'
E, [2016-03-17T14:25:18.908859 #22767] ERROR -- Kitchen: /home/atg/.rvm/rubies/ruby-2.1.5/lib/ruby/gems/2.1.0/gems/thor-0.19.1/lib/thor/base.rb:440:in `start'
E, [2016-03-17T14:25:18.908890 #22767] ERROR -- Kitchen: /home/atg/.rvm/rubies/ruby-2.1.5/lib/ruby/gems/2.1.0/gems/test-kitchen-1.5.0/bin/kitchen:13:in `block in <top (required)>'
E, [2016-03-17T14:25:18.908918 #22767] ERROR -- Kitchen: /home/atg/.rvm/rubies/ruby-2.1.5/lib/ruby/gems/2.1.0/gems/test-kitchen-1.5.0/lib/kitchen/errors.rb:154:in `with_friendly_errors'
E, [2016-03-17T14:25:18.908947 #22767] ERROR -- Kitchen: /home/atg/.rvm/rubies/ruby-2.1.5/lib/ruby/gems/2.1.0/gems/test-kitchen-1.5.0/bin/kitchen:13:in `<top (required)>'
E, [2016-03-17T14:25:18.908984 #22767] ERROR -- Kitchen: /home/atg/.rvm/rubies/default/bin/kitchen:23:in `load'
E, [2016-03-17T14:25:18.909014 #22767] ERROR -- Kitchen: /home/atg/.rvm/rubies/default/bin/kitchen:23:in `<main>'
E, [2016-03-17T14:25:18.909042 #22767] ERROR -- Kitchen: /home/atg/.rvm/rubies/default/bin/ruby_executable_hooks:15:in `eval'
E, [2016-03-17T14:25:18.909070 #22767] ERROR -- Kitchen: /home/atg/.rvm/rubies/default/bin/ruby_executable_hooks:15:in `<main>'
E, [2016-03-17T14:25:18.909099 #22767] ERROR -- Kitchen: ----------------------
